
*** Running vivado
    with args -log cordic_0.vds -m64 -product Vivado -mode batch -messageDb vivado.pb -notrace -source cordic_0.tcl


****** Vivado v2018.1 (64-bit)
  **** SW Build 2188600 on Wed Apr  4 18:40:38 MDT 2018
  **** IP Build 2185939 on Wed Apr  4 20:55:05 MDT 2018
    ** Copyright 1986-2018 Xilinx, Inc. All Rights Reserved.

source cordic_0.tcl -notrace
Command: synth_design -top cordic_0 -part xc7a100tcsg324-1 -mode out_of_context
Starting synth_design
Attempting to get a license for feature 'Synthesis' and/or device 'xc7a100t'
INFO: [Common 17-349] Got license for feature 'Synthesis' and/or device 'xc7a100t'
INFO: Launching helper process for spawning children vivado processes
INFO: Helper process launched with PID 1968 
---------------------------------------------------------------------------------
Starting RTL Elaboration : Time (s): cpu = 00:00:12 ; elapsed = 00:00:14 . Memory (MB): peak = 445.695 ; gain = 99.273
---------------------------------------------------------------------------------
INFO: [Synth 8-638] synthesizing module 'cordic_0' [c:/Users/musta/Desktop/project_arctan/project_arctan.srcs/sources_1/ip/cordic_0/synth/cordic_0.vhd:69]
	Parameter C_ARCHITECTURE bound to: 2 - type: integer 
	Parameter C_CORDIC_FUNCTION bound to: 3 - type: integer 
	Parameter C_COARSE_ROTATE bound to: 1 - type: integer 
	Parameter C_DATA_FORMAT bound to: 0 - type: integer 
	Parameter C_XDEVICEFAMILY bound to: artix7 - type: string 
	Parameter C_HAS_ACLKEN bound to: 0 - type: integer 
	Parameter C_HAS_ACLK bound to: 1 - type: integer 
	Parameter C_HAS_S_AXIS_CARTESIAN bound to: 1 - type: integer 
	Parameter C_HAS_S_AXIS_PHASE bound to: 0 - type: integer 
	Parameter C_HAS_ARESETN bound to: 0 - type: integer 
	Parameter C_INPUT_WIDTH bound to: 16 - type: integer 
	Parameter C_ITERATIONS bound to: 0 - type: integer 
	Parameter C_OUTPUT_WIDTH bound to: 16 - type: integer 
	Parameter C_PHASE_FORMAT bound to: 0 - type: integer 
	Parameter C_PIPELINE_MODE bound to: -2 - type: integer 
	Parameter C_PRECISION bound to: 0 - type: integer 
	Parameter C_ROUND_MODE bound to: 0 - type: integer 
	Parameter C_SCALE_COMP bound to: 0 - type: integer 
	Parameter C_THROTTLE_SCHEME bound to: 3 - type: integer 
	Parameter C_TLAST_RESOLUTION bound to: 0 - type: integer 
	Parameter C_HAS_S_AXIS_PHASE_TUSER bound to: 0 - type: integer 
	Parameter C_HAS_S_AXIS_PHASE_TLAST bound to: 0 - type: integer 
	Parameter C_S_AXIS_PHASE_TDATA_WIDTH bound to: 16 - type: integer 
	Parameter C_S_AXIS_PHASE_TUSER_WIDTH bound to: 1 - type: integer 
	Parameter C_HAS_S_AXIS_CARTESIAN_TUSER bound to: 0 - type: integer 
	Parameter C_HAS_S_AXIS_CARTESIAN_TLAST bound to: 0 - type: integer 
	Parameter C_S_AXIS_CARTESIAN_TDATA_WIDTH bound to: 32 - type: integer 
	Parameter C_S_AXIS_CARTESIAN_TUSER_WIDTH bound to: 1 - type: integer 
	Parameter C_M_AXIS_DOUT_TDATA_WIDTH bound to: 16 - type: integer 
	Parameter C_M_AXIS_DOUT_TUSER_WIDTH bound to: 1 - type: integer 
INFO: [Synth 8-3491] module 'cordic_v6_0_14' declared at 'c:/Users/musta/Desktop/project_arctan/project_arctan.srcs/sources_1/ip/cordic_0/hdl/cordic_v6_0_vh_rfs.vhd:10135' bound to instance 'U0' of component 'cordic_v6_0_14' [c:/Users/musta/Desktop/project_arctan/project_arctan.srcs/sources_1/ip/cordic_0/synth/cordic_0.vhd:144]
INFO: [Synth 8-256] done synthesizing module 'cordic_0' (21#1) [c:/Users/musta/Desktop/project_arctan/project_arctan.srcs/sources_1/ip/cordic_0/synth/cordic_0.vhd:69]
WARNING: [Synth 8-3331] design c_reg_fd_v12_0_5_viv__parameterized2 has unconnected port CE
WARNING: [Synth 8-3331] design c_reg_fd_v12_0_5_viv__parameterized2 has unconnected port AINIT
WARNING: [Synth 8-3331] design c_reg_fd_v12_0_5_viv__parameterized2 has unconnected port ACLR
WARNING: [Synth 8-3331] design c_reg_fd_v12_0_5_viv__parameterized2 has unconnected port ASET
WARNING: [Synth 8-3331] design c_reg_fd_v12_0_5_viv__parameterized2 has unconnected port SINIT
WARNING: [Synth 8-3331] design c_reg_fd_v12_0_5_viv__parameterized2 has unconnected port SCLR
WARNING: [Synth 8-3331] design c_reg_fd_v12_0_5_viv__parameterized2 has unconnected port SSET
WARNING: [Synth 8-3331] design c_addsub_v12_0_12_lut6_legacy__parameterized3 has unconnected port c_in
WARNING: [Synth 8-3331] design c_addsub_v12_0_12_lut6_legacy__parameterized3 has unconnected port ce
WARNING: [Synth 8-3331] design c_addsub_v12_0_12_lut6_legacy__parameterized3 has unconnected port bypass
WARNING: [Synth 8-3331] design c_addsub_v12_0_12_lut6_legacy__parameterized3 has unconnected port sclr
WARNING: [Synth 8-3331] design c_addsub_v12_0_12_lut6_legacy__parameterized3 has unconnected port sset
WARNING: [Synth 8-3331] design c_addsub_v12_0_12_lut6_legacy__parameterized3 has unconnected port sinit
WARNING: [Synth 8-3331] design c_addsub_v12_0_12_legacy__parameterized3 has unconnected port c_in
WARNING: [Synth 8-3331] design c_addsub_v12_0_12_legacy__parameterized3 has unconnected port b_in
WARNING: [Synth 8-3331] design c_addsub_v12_0_12_legacy__parameterized3 has unconnected port a_signed
WARNING: [Synth 8-3331] design c_addsub_v12_0_12_legacy__parameterized3 has unconnected port b_signed
WARNING: [Synth 8-3331] design c_addsub_v12_0_12_viv__parameterized3 has unconnected port C_IN
WARNING: [Synth 8-3331] design cordic_round has unconnected port round_in[3]
WARNING: [Synth 8-3331] design cordic_round has unconnected port round_in[2]
WARNING: [Synth 8-3331] design cordic_round has unconnected port round_in[1]
WARNING: [Synth 8-3331] design cordic_round has unconnected port round_in[0]
WARNING: [Synth 8-3331] design delay_bit has unconnected port SCLR
WARNING: [Synth 8-3331] design delay_bit__parameterized3 has unconnected port WE
WARNING: [Synth 8-3331] design delay_bit__parameterized3 has unconnected port CE
WARNING: [Synth 8-3331] design delay_bit__parameterized3 has unconnected port SCLR
WARNING: [Synth 8-3331] design delay_bit__parameterized3 has unconnected port CLK
WARNING: [Synth 8-3331] design cordic_out_config has unconnected port data_x_in[19]
WARNING: [Synth 8-3331] design cordic_out_config has unconnected port data_x_in[18]
WARNING: [Synth 8-3331] design cordic_out_config has unconnected port data_x_in[17]
WARNING: [Synth 8-3331] design cordic_out_config has unconnected port data_x_in[16]
WARNING: [Synth 8-3331] design cordic_out_config has unconnected port data_x_in[15]
WARNING: [Synth 8-3331] design cordic_out_config has unconnected port data_x_in[14]
WARNING: [Synth 8-3331] design cordic_out_config has unconnected port data_x_in[13]
WARNING: [Synth 8-3331] design cordic_out_config has unconnected port data_x_in[12]
WARNING: [Synth 8-3331] design cordic_out_config has unconnected port data_x_in[11]
WARNING: [Synth 8-3331] design cordic_out_config has unconnected port data_x_in[10]
WARNING: [Synth 8-3331] design cordic_out_config has unconnected port data_x_in[9]
WARNING: [Synth 8-3331] design cordic_out_config has unconnected port data_x_in[8]
WARNING: [Synth 8-3331] design cordic_out_config has unconnected port data_x_in[7]
WARNING: [Synth 8-3331] design cordic_out_config has unconnected port data_x_in[6]
WARNING: [Synth 8-3331] design cordic_out_config has unconnected port data_x_in[5]
WARNING: [Synth 8-3331] design cordic_out_config has unconnected port data_x_in[4]
WARNING: [Synth 8-3331] design cordic_out_config has unconnected port data_x_in[3]
WARNING: [Synth 8-3331] design cordic_out_config has unconnected port data_x_in[2]
WARNING: [Synth 8-3331] design cordic_out_config has unconnected port data_x_in[1]
WARNING: [Synth 8-3331] design cordic_out_config has unconnected port data_x_in[0]
WARNING: [Synth 8-3331] design cordic_out_config has unconnected port data_y_in[19]
WARNING: [Synth 8-3331] design cordic_out_config has unconnected port data_y_in[18]
WARNING: [Synth 8-3331] design cordic_out_config has unconnected port data_y_in[17]
WARNING: [Synth 8-3331] design cordic_out_config has unconnected port data_y_in[16]
WARNING: [Synth 8-3331] design cordic_out_config has unconnected port data_y_in[15]
WARNING: [Synth 8-3331] design cordic_out_config has unconnected port data_y_in[14]
WARNING: [Synth 8-3331] design cordic_out_config has unconnected port data_y_in[13]
WARNING: [Synth 8-3331] design cordic_out_config has unconnected port data_y_in[12]
WARNING: [Synth 8-3331] design cordic_out_config has unconnected port data_y_in[11]
WARNING: [Synth 8-3331] design cordic_out_config has unconnected port data_y_in[10]
WARNING: [Synth 8-3331] design cordic_out_config has unconnected port data_y_in[9]
WARNING: [Synth 8-3331] design cordic_out_config has unconnected port data_y_in[8]
WARNING: [Synth 8-3331] design cordic_out_config has unconnected port data_y_in[7]
WARNING: [Synth 8-3331] design cordic_out_config has unconnected port data_y_in[6]
WARNING: [Synth 8-3331] design cordic_out_config has unconnected port data_y_in[5]
WARNING: [Synth 8-3331] design cordic_out_config has unconnected port data_y_in[4]
WARNING: [Synth 8-3331] design cordic_out_config has unconnected port data_y_in[3]
WARNING: [Synth 8-3331] design cordic_out_config has unconnected port data_y_in[2]
WARNING: [Synth 8-3331] design cordic_out_config has unconnected port data_y_in[1]
WARNING: [Synth 8-3331] design cordic_out_config has unconnected port data_y_in[0]
WARNING: [Synth 8-3331] design cordic_out_config has unconnected port aclr
WARNING: [Synth 8-3331] design cordic_ctrl_slice_par has unconnected port aclr
WARNING: [Synth 8-3331] design cordic_eng has unconnected port nd_in
WARNING: [Synth 8-3331] design c_reg_fd_v12_0_5_viv has unconnected port CE
WARNING: [Synth 8-3331] design c_reg_fd_v12_0_5_viv has unconnected port AINIT
WARNING: [Synth 8-3331] design c_reg_fd_v12_0_5_viv has unconnected port ACLR
WARNING: [Synth 8-3331] design c_reg_fd_v12_0_5_viv has unconnected port ASET
WARNING: [Synth 8-3331] design c_reg_fd_v12_0_5_viv has unconnected port SINIT
WARNING: [Synth 8-3331] design c_reg_fd_v12_0_5_viv has unconnected port SCLR
WARNING: [Synth 8-3331] design c_reg_fd_v12_0_5_viv has unconnected port SSET
WARNING: [Synth 8-3331] design c_addsub_v12_0_12_lut6_legacy__parameterized1 has unconnected port add
WARNING: [Synth 8-3331] design c_addsub_v12_0_12_lut6_legacy__parameterized1 has unconnected port c_in
WARNING: [Synth 8-3331] design c_addsub_v12_0_12_lut6_legacy__parameterized1 has unconnected port ce
WARNING: [Synth 8-3331] design c_addsub_v12_0_12_lut6_legacy__parameterized1 has unconnected port bypass
WARNING: [Synth 8-3331] design c_addsub_v12_0_12_lut6_legacy__parameterized1 has unconnected port sclr
WARNING: [Synth 8-3331] design c_addsub_v12_0_12_lut6_legacy__parameterized1 has unconnected port sset
WARNING: [Synth 8-3331] design c_addsub_v12_0_12_lut6_legacy__parameterized1 has unconnected port sinit
WARNING: [Synth 8-3331] design c_addsub_v12_0_12_legacy__parameterized1 has unconnected port c_in
WARNING: [Synth 8-3331] design c_addsub_v12_0_12_legacy__parameterized1 has unconnected port b_in
WARNING: [Synth 8-3331] design c_addsub_v12_0_12_legacy__parameterized1 has unconnected port a_signed
WARNING: [Synth 8-3331] design c_addsub_v12_0_12_legacy__parameterized1 has unconnected port b_signed
WARNING: [Synth 8-3331] design c_addsub_v12_0_12_viv__parameterized1 has unconnected port C_IN
WARNING: [Synth 8-3331] design c_addsub_v12_0_12_lut6_legacy has unconnected port add
WARNING: [Synth 8-3331] design c_addsub_v12_0_12_lut6_legacy has unconnected port c_in
WARNING: [Synth 8-3331] design c_addsub_v12_0_12_lut6_legacy has unconnected port ce
WARNING: [Synth 8-3331] design c_addsub_v12_0_12_lut6_legacy has unconnected port bypass
WARNING: [Synth 8-3331] design c_addsub_v12_0_12_lut6_legacy has unconnected port sclr
WARNING: [Synth 8-3331] design c_addsub_v12_0_12_lut6_legacy has unconnected port sset
WARNING: [Synth 8-3331] design c_addsub_v12_0_12_lut6_legacy has unconnected port sinit
WARNING: [Synth 8-3331] design c_addsub_v12_0_12_legacy has unconnected port c_in
WARNING: [Synth 8-3331] design c_addsub_v12_0_12_legacy has unconnected port b_in
WARNING: [Synth 8-3331] design c_addsub_v12_0_12_legacy has unconnected port a_signed
WARNING: [Synth 8-3331] design c_addsub_v12_0_12_legacy has unconnected port b_signed
INFO: [Common 17-14] Message 'Synth 8-3331' appears 100 times and further instances of the messages will be disabled. Use the Tcl command set_msg_config to change the current settings.
---------------------------------------------------------------------------------
Finished RTL Elaboration : Time (s): cpu = 00:00:48 ; elapsed = 00:00:53 . Memory (MB): peak = 550.527 ; gain = 204.105
---------------------------------------------------------------------------------

Report Check Netlist: 
+------+------------------+-------+---------+-------+------------------+
|      |Item              |Errors |Warnings |Status |Description       |
+------+------------------+-------+---------+-------+------------------+
|1     |multi_driven_nets |      0|        0|Passed |Multi driven nets |
+------+------------------+-------+---------+-------+------------------+
---------------------------------------------------------------------------------
Start Handling Custom Attributes
---------------------------------------------------------------------------------
---------------------------------------------------------------------------------
Finished Handling Custom Attributes : Time (s): cpu = 00:00:48 ; elapsed = 00:00:53 . Memory (MB): peak = 550.527 ; gain = 204.105
---------------------------------------------------------------------------------
---------------------------------------------------------------------------------
Finished RTL Optimization Phase 1 : Time (s): cpu = 00:00:48 ; elapsed = 00:00:53 . Memory (MB): peak = 550.527 ; gain = 204.105
---------------------------------------------------------------------------------
INFO: [Netlist 29-17] Analyzing 1931 Unisim elements for replacement
INFO: [Netlist 29-28] Unisim Transformation completed in 0 CPU seconds
INFO: [Device 21-403] Loading part xc7a100tcsg324-1
INFO: [Project 1-570] Preparing netlist for logic optimization

Processing XDC Constraints
Initializing timing engine
Parsing XDC File [c:/Users/musta/Desktop/project_arctan/project_arctan.srcs/sources_1/ip/cordic_0/cordic_0_ooc.xdc] for cell 'U0'
Finished Parsing XDC File [c:/Users/musta/Desktop/project_arctan/project_arctan.srcs/sources_1/ip/cordic_0/cordic_0_ooc.xdc] for cell 'U0'
Parsing XDC File [C:/Users/musta/Desktop/project_arctan/project_arctan.runs/cordic_0_synth_1/dont_touch.xdc]
Finished Parsing XDC File [C:/Users/musta/Desktop/project_arctan/project_arctan.runs/cordic_0_synth_1/dont_touch.xdc]
Completed Processing XDC Constraints

INFO: [Project 1-111] Unisim Transformation Summary:
No Unisim elements were transformed.

Constraint Validation Runtime : Time (s): cpu = 00:00:00 ; elapsed = 00:00:00.083 . Memory (MB): peak = 871.934 ; gain = 2.402
---------------------------------------------------------------------------------
Finished Constraint Validation : Time (s): cpu = 00:01:07 ; elapsed = 00:01:16 . Memory (MB): peak = 871.934 ; gain = 525.512
---------------------------------------------------------------------------------
---------------------------------------------------------------------------------
Start Loading Part and Timing Information
---------------------------------------------------------------------------------
Loading part: xc7a100tcsg324-1
---------------------------------------------------------------------------------
Finished Loading Part and Timing Information : Time (s): cpu = 00:01:07 ; elapsed = 00:01:16 . Memory (MB): peak = 871.934 ; gain = 525.512
---------------------------------------------------------------------------------
---------------------------------------------------------------------------------
Start Applying 'set_property' XDC Constraints
---------------------------------------------------------------------------------
Applied set_property DONT_TOUCH = true for U0. (constraint file  C:/Users/musta/Desktop/project_arctan/project_arctan.runs/cordic_0_synth_1/dont_touch.xdc, line 9).
---------------------------------------------------------------------------------
Finished applying 'set_property' XDC Constraints : Time (s): cpu = 00:01:07 ; elapsed = 00:01:16 . Memory (MB): peak = 871.934 ; gain = 525.512
---------------------------------------------------------------------------------
---------------------------------------------------------------------------------
Finished RTL Optimization Phase 2 : Time (s): cpu = 00:01:09 ; elapsed = 00:01:18 . Memory (MB): peak = 871.934 ; gain = 525.512
---------------------------------------------------------------------------------

Report RTL Partitions: 
+-+--------------+------------+----------+
| |RTL Partition |Replication |Instances |
+-+--------------+------------+----------+
+-+--------------+------------+----------+
---------------------------------------------------------------------------------
Start RTL Component Statistics 
---------------------------------------------------------------------------------
---------------------------------------------------------------------------------
Finished RTL Component Statistics 
---------------------------------------------------------------------------------
---------------------------------------------------------------------------------
Start RTL Hierarchical Component Statistics 
---------------------------------------------------------------------------------
---------------------------------------------------------------------------------
Finished RTL Hierarchical Component Statistics
---------------------------------------------------------------------------------
---------------------------------------------------------------------------------
Start Part Resource Summary
---------------------------------------------------------------------------------
Part Resources:
DSPs: 240 (col length:80)
BRAMs: 270 (col length: RAMB18 80 RAMB36 40)
---------------------------------------------------------------------------------
Finished Part Resource Summary
---------------------------------------------------------------------------------
---------------------------------------------------------------------------------
Start Cross Boundary and Area Optimization
---------------------------------------------------------------------------------
Warning: Parallel synthesis criteria is not met 
INFO: [Synth 8-3886] merging instance 'U0/i_synth/i_synth/gen_cordic.input_stage/gen_input_regs.data_y_int_reg[0]' (FDR) to 'U0/i_synth/i_synth/gen_cordic.input_stage/gen_input_regs.phase_int_reg[19]'
INFO: [Synth 8-3886] merging instance 'U0/i_synth/i_synth/gen_cordic.input_stage/gen_input_regs.data_x_int_reg[0]' (FDR) to 'U0/i_synth/i_synth/gen_cordic.input_stage/gen_input_regs.phase_int_reg[19]'
INFO: [Synth 8-3886] merging instance 'U0/i_synth/i_synth/gen_cordic.input_stage/gen_input_regs.data_y_int_reg[1]' (FDR) to 'U0/i_synth/i_synth/gen_cordic.input_stage/gen_input_regs.phase_int_reg[19]'
INFO: [Synth 8-3886] merging instance 'U0/i_synth/i_synth/gen_cordic.input_stage/gen_input_regs.data_x_int_reg[1]' (FDR) to 'U0/i_synth/i_synth/gen_cordic.input_stage/gen_input_regs.phase_int_reg[19]'
INFO: [Synth 8-3886] merging instance 'U0/i_synth/i_synth/gen_cordic.input_stage/gen_input_regs.data_y_int_reg[2]' (FDR) to 'U0/i_synth/i_synth/gen_cordic.input_stage/gen_input_regs.phase_int_reg[19]'
INFO: [Synth 8-3886] merging instance 'U0/i_synth/i_synth/gen_cordic.input_stage/gen_input_regs.data_x_int_reg[2]' (FDR) to 'U0/i_synth/i_synth/gen_cordic.input_stage/gen_input_regs.phase_int_reg[19]'
INFO: [Synth 8-3886] merging instance 'U0/i_synth/i_synth/gen_cordic.input_stage/gen_input_regs.data_y_int_reg[3]' (FDR) to 'U0/i_synth/i_synth/gen_cordic.input_stage/gen_input_regs.phase_int_reg[19]'
INFO: [Synth 8-3886] merging instance 'U0/i_synth/i_synth/gen_cordic.input_stage/gen_input_regs.data_x_int_reg[3]' (FDR) to 'U0/i_synth/i_synth/gen_cordic.input_stage/gen_input_regs.phase_int_reg[19]'
INFO: [Synth 8-3886] merging instance 'U0/i_synth/i_synth/gen_cordic.input_stage/gen_rotation.gen_rot_xy.gen_data_x_int_dly/gen_rtl.gen_reg.d_reg_reg[0]' (FDRE) to 'U0/i_synth/i_synth/gen_cordic.input_stage/gen_rotation.gen_rot_xy.gen_data_x_int_dly/gen_rtl.gen_reg.d_reg_reg[3]'
INFO: [Synth 8-3886] merging instance 'U0/i_synth/i_synth/gen_cordic.input_stage/gen_rotation.gen_rot_xy.gen_data_y_int_dly/gen_rtl.gen_reg.d_reg_reg[0]' (FDRE) to 'U0/i_synth/i_synth/gen_cordic.input_stage/gen_rotation.gen_rot_xy.gen_data_x_int_dly/gen_rtl.gen_reg.d_reg_reg[3]'
INFO: [Synth 8-3886] merging instance 'U0/i_synth/i_synth/gen_cordic.input_stage/gen_rotation.gen_rot_xy.gen_data_x_int_dly/gen_rtl.gen_reg.d_reg_reg[1]' (FDRE) to 'U0/i_synth/i_synth/gen_cordic.input_stage/gen_rotation.gen_rot_xy.gen_data_x_int_dly/gen_rtl.gen_reg.d_reg_reg[3]'
INFO: [Synth 8-3886] merging instance 'U0/i_synth/i_synth/gen_cordic.input_stage/gen_rotation.gen_rot_xy.gen_data_y_int_dly/gen_rtl.gen_reg.d_reg_reg[1]' (FDRE) to 'U0/i_synth/i_synth/gen_cordic.input_stage/gen_rotation.gen_rot_xy.gen_data_x_int_dly/gen_rtl.gen_reg.d_reg_reg[3]'
INFO: [Synth 8-3886] merging instance 'U0/i_synth/i_synth/gen_cordic.input_stage/gen_rotation.gen_rot_xy.gen_data_x_int_dly/gen_rtl.gen_reg.d_reg_reg[2]' (FDRE) to 'U0/i_synth/i_synth/gen_cordic.input_stage/gen_rotation.gen_rot_xy.gen_data_x_int_dly/gen_rtl.gen_reg.d_reg_reg[3]'
INFO: [Synth 8-3886] merging instance 'U0/i_synth/i_synth/gen_cordic.input_stage/gen_rotation.gen_rot_xy.gen_data_y_int_dly/gen_rtl.gen_reg.d_reg_reg[2]' (FDRE) to 'U0/i_synth/i_synth/gen_cordic.input_stage/gen_rotation.gen_rot_xy.gen_data_x_int_dly/gen_rtl.gen_reg.d_reg_reg[3]'
INFO: [Synth 8-3886] merging instance 'U0/i_synth/i_synth/gen_cordic.input_stage/gen_rotation.gen_rot_xy.gen_data_x_int_dly/gen_rtl.gen_reg.d_reg_reg[3]' (FDRE) to 'U0/i_synth/i_synth/gen_cordic.input_stage/gen_rotation.gen_rot_xy.gen_data_y_int_dly/gen_rtl.gen_reg.d_reg_reg[3]'
INFO: [Synth 8-3886] merging instance 'U0/i_synth/i_synth/gen_cordic.input_stage/gen_input_regs.phase_int_reg[0]' (FDR) to 'U0/i_synth/i_synth/gen_cordic.input_stage/gen_input_regs.phase_int_reg[19]'
INFO: [Synth 8-3886] merging instance 'U0/i_synth/i_synth/gen_cordic.input_stage/gen_input_regs.phase_int_reg[1]' (FDR) to 'U0/i_synth/i_synth/gen_cordic.input_stage/gen_input_regs.phase_int_reg[19]'
INFO: [Synth 8-3886] merging instance 'U0/i_synth/i_synth/gen_cordic.input_stage/gen_input_regs.phase_int_reg[2]' (FDR) to 'U0/i_synth/i_synth/gen_cordic.input_stage/gen_input_regs.phase_int_reg[19]'
INFO: [Synth 8-3886] merging instance 'U0/i_synth/i_synth/gen_cordic.input_stage/gen_input_regs.phase_int_reg[3]' (FDR) to 'U0/i_synth/i_synth/gen_cordic.input_stage/gen_input_regs.phase_int_reg[19]'
INFO: [Synth 8-3886] merging instance 'U0/i_synth/i_synth/gen_cordic.input_stage/gen_input_regs.phase_int_reg[4]' (FDR) to 'U0/i_synth/i_synth/gen_cordic.input_stage/gen_input_regs.phase_int_reg[19]'
INFO: [Synth 8-3886] merging instance 'U0/i_synth/i_synth/gen_cordic.input_stage/gen_input_regs.phase_int_reg[5]' (FDR) to 'U0/i_synth/i_synth/gen_cordic.input_stage/gen_input_regs.phase_int_reg[19]'
INFO: [Synth 8-3886] merging instance 'U0/i_synth/i_synth/gen_cordic.input_stage/gen_input_regs.phase_int_reg[6]' (FDR) to 'U0/i_synth/i_synth/gen_cordic.input_stage/gen_input_regs.phase_int_reg[19]'
INFO: [Synth 8-3886] merging instance 'U0/i_synth/i_synth/gen_cordic.input_stage/gen_input_regs.phase_int_reg[7]' (FDR) to 'U0/i_synth/i_synth/gen_cordic.input_stage/gen_input_regs.phase_int_reg[19]'
INFO: [Synth 8-3886] merging instance 'U0/i_synth/i_synth/gen_cordic.input_stage/gen_input_regs.phase_int_reg[8]' (FDR) to 'U0/i_synth/i_synth/gen_cordic.input_stage/gen_input_regs.phase_int_reg[19]'
INFO: [Synth 8-3886] merging instance 'U0/i_synth/i_synth/gen_cordic.input_stage/gen_input_regs.phase_int_reg[9]' (FDR) to 'U0/i_synth/i_synth/gen_cordic.input_stage/gen_input_regs.phase_int_reg[19]'
INFO: [Synth 8-3886] merging instance 'U0/i_synth/i_synth/gen_cordic.input_stage/gen_input_regs.phase_int_reg[10]' (FDR) to 'U0/i_synth/i_synth/gen_cordic.input_stage/gen_input_regs.phase_int_reg[19]'
INFO: [Synth 8-3886] merging instance 'U0/i_synth/i_synth/gen_cordic.input_stage/gen_input_regs.phase_int_reg[11]' (FDR) to 'U0/i_synth/i_synth/gen_cordic.input_stage/gen_input_regs.phase_int_reg[19]'
INFO: [Synth 8-3886] merging instance 'U0/i_synth/i_synth/gen_cordic.input_stage/gen_input_regs.phase_int_reg[12]' (FDR) to 'U0/i_synth/i_synth/gen_cordic.input_stage/gen_input_regs.phase_int_reg[19]'
INFO: [Synth 8-3886] merging instance 'U0/i_synth/i_synth/gen_cordic.input_stage/gen_input_regs.phase_int_reg[13]' (FDR) to 'U0/i_synth/i_synth/gen_cordic.input_stage/gen_input_regs.phase_int_reg[19]'
INFO: [Synth 8-3886] merging instance 'U0/i_synth/i_synth/gen_cordic.input_stage/gen_input_regs.phase_int_reg[14]' (FDR) to 'U0/i_synth/i_synth/gen_cordic.input_stage/gen_input_regs.phase_int_reg[19]'
INFO: [Synth 8-3886] merging instance 'U0/i_synth/i_synth/gen_cordic.input_stage/gen_input_regs.phase_int_reg[15]' (FDR) to 'U0/i_synth/i_synth/gen_cordic.input_stage/gen_input_regs.phase_int_reg[19]'
INFO: [Synth 8-3886] merging instance 'U0/i_synth/i_synth/gen_cordic.input_stage/gen_input_regs.phase_int_reg[16]' (FDR) to 'U0/i_synth/i_synth/gen_cordic.input_stage/gen_input_regs.phase_int_reg[19]'
INFO: [Synth 8-3886] merging instance 'U0/i_synth/i_synth/gen_cordic.input_stage/gen_input_regs.phase_int_reg[17]' (FDR) to 'U0/i_synth/i_synth/gen_cordic.input_stage/gen_input_regs.phase_int_reg[19]'
INFO: [Synth 8-3886] merging instance 'U0/i_synth/i_synth/gen_cordic.input_stage/gen_input_regs.phase_int_reg[18]' (FDR) to 'U0/i_synth/i_synth/gen_cordic.input_stage/gen_input_regs.phase_int_reg[19]'
INFO: [Synth 8-3333] propagating constant 0 across sequential element (U0/i_synth/\i_synth/gen_cordic.input_stage/gen_input_regs.phase_int_reg[19] )
INFO: [Synth 8-3886] merging instance 'U0/i_synth/i_synth/gen_cordic.output_stage/gen_rotation.gen_translate.gen_phase_rot_reg/gen_rtl.gen_reg.d_reg_reg[0]' (FDRE) to 'U0/i_synth/i_synth/gen_cordic.output_stage/gen_rotation.gen_translate.gen_phase_rot_reg/gen_rtl.gen_reg.d_reg_reg[10]'
INFO: [Synth 8-3886] merging instance 'U0/i_synth/i_synth/gen_cordic.output_stage/gen_rotation.gen_translate.gen_phase_rot_reg/gen_rtl.gen_reg.d_reg_reg[1]' (FDRE) to 'U0/i_synth/i_synth/gen_cordic.input_stage/gen_rotation.gen_rot_xy.gen_data_y_int_dly/gen_rtl.gen_reg.d_reg_reg[3]'
INFO: [Synth 8-3886] merging instance 'U0/i_synth/i_synth/gen_cordic.output_stage/gen_rotation.gen_translate.gen_phase_rot_reg/gen_rtl.gen_reg.d_reg_reg[2]' (FDRE) to 'U0/i_synth/i_synth/gen_cordic.input_stage/gen_rotation.gen_rot_xy.gen_data_y_int_dly/gen_rtl.gen_reg.d_reg_reg[3]'
INFO: [Synth 8-3886] merging instance 'U0/i_synth/i_synth/gen_cordic.output_stage/gen_rotation.gen_translate.gen_phase_rot_reg/gen_rtl.gen_reg.d_reg_reg[3]' (FDRE) to 'U0/i_synth/i_synth/gen_cordic.input_stage/gen_rotation.gen_rot_xy.gen_data_y_int_dly/gen_rtl.gen_reg.d_reg_reg[3]'
INFO: [Synth 8-3886] merging instance 'U0/i_synth/i_synth/gen_cordic.output_stage/gen_rotation.gen_translate.gen_phase_rot_reg/gen_rtl.gen_reg.d_reg_reg[4]' (FDRE) to 'U0/i_synth/i_synth/gen_cordic.input_stage/gen_rotation.gen_rot_xy.gen_data_y_int_dly/gen_rtl.gen_reg.d_reg_reg[3]'
INFO: [Synth 8-3886] merging instance 'U0/i_synth/i_synth/gen_cordic.output_stage/gen_rotation.gen_translate.gen_phase_rot_reg/gen_rtl.gen_reg.d_reg_reg[5]' (FDRE) to 'U0/i_synth/i_synth/gen_cordic.input_stage/gen_rotation.gen_rot_xy.gen_data_y_int_dly/gen_rtl.gen_reg.d_reg_reg[3]'
INFO: [Synth 8-3886] merging instance 'U0/i_synth/i_synth/gen_cordic.output_stage/gen_rotation.gen_translate.gen_phase_rot_reg/gen_rtl.gen_reg.d_reg_reg[6]' (FDRE) to 'U0/i_synth/i_synth/gen_cordic.output_stage/gen_rotation.gen_translate.gen_phase_rot_reg/gen_rtl.gen_reg.d_reg_reg[18]'
INFO: [Synth 8-3886] merging instance 'U0/i_synth/i_synth/gen_cordic.output_stage/gen_rotation.gen_translate.gen_phase_rot_reg/gen_rtl.gen_reg.d_reg_reg[7]' (FDRE) to 'U0/i_synth/i_synth/gen_cordic.output_stage/gen_rotation.gen_translate.gen_phase_rot_reg/gen_rtl.gen_reg.d_reg_reg[8]'
INFO: [Synth 8-3886] merging instance 'U0/i_synth/i_synth/gen_cordic.output_stage/gen_rotation.gen_translate.gen_phase_rot_reg/gen_rtl.gen_reg.d_reg_reg[8]' (FDRE) to 'U0/i_synth/i_synth/gen_cordic.output_stage/gen_rotation.gen_translate.gen_phase_rot_reg/gen_rtl.gen_reg.d_reg_reg[9]'
INFO: [Synth 8-3886] merging instance 'U0/i_synth/i_synth/gen_cordic.output_stage/gen_rotation.gen_translate.gen_phase_rot_reg/gen_rtl.gen_reg.d_reg_reg[9]' (FDRE) to 'U0/i_synth/i_synth/gen_cordic.output_stage/gen_rotation.gen_translate.gen_phase_rot_reg/gen_rtl.gen_reg.d_reg_reg[12]'
INFO: [Synth 8-3886] merging instance 'U0/i_synth/i_synth/gen_cordic.output_stage/gen_rotation.gen_translate.gen_phase_rot_reg/gen_rtl.gen_reg.d_reg_reg[10]' (FDRE) to 'U0/i_synth/i_synth/gen_cordic.output_stage/gen_rotation.gen_translate.gen_phase_rot_reg/gen_rtl.gen_reg.d_reg_reg[13]'
INFO: [Synth 8-3886] merging instance 'U0/i_synth/i_synth/gen_cordic.output_stage/gen_rotation.gen_translate.gen_phase_rot_reg/gen_rtl.gen_reg.d_reg_reg[11]' (FDRE) to 'U0/i_synth/i_synth/gen_cordic.output_stage/gen_rotation.gen_translate.gen_phase_rot_reg/gen_rtl.gen_reg.d_reg_reg[18]'
INFO: [Synth 8-3886] merging instance 'U0/i_synth/i_synth/gen_cordic.output_stage/gen_rotation.gen_translate.gen_phase_rot_reg/gen_rtl.gen_reg.d_reg_reg[12]' (FDRE) to 'U0/i_synth/i_synth/gen_cordic.output_stage/gen_rotation.gen_translate.gen_phase_rot_reg/gen_rtl.gen_reg.d_reg_reg[15]'
INFO: [Synth 8-3886] merging instance 'U0/i_synth/i_synth/gen_cordic.output_stage/gen_rotation.gen_translate.gen_phase_rot_reg/gen_rtl.gen_reg.d_reg_reg[13]' (FDRE) to 'U0/i_synth/i_synth/gen_cordic.output_stage/gen_rotation.gen_translate.gen_phase_rot_reg/gen_rtl.gen_reg.d_reg_reg[16]'
INFO: [Synth 8-3886] merging instance 'U0/i_synth/i_synth/gen_cordic.output_stage/gen_rotation.gen_translate.gen_phase_rot_reg/gen_rtl.gen_reg.d_reg_reg[14]' (FDRE) to 'U0/i_synth/i_synth/gen_cordic.output_stage/gen_rotation.gen_translate.gen_phase_rot_reg/gen_rtl.gen_reg.d_reg_reg[18]'
INFO: [Synth 8-3886] merging instance 'U0/i_synth/i_synth/gen_cordic.output_stage/gen_rotation.gen_translate.gen_phase_rot_reg/gen_rtl.gen_reg.d_reg_reg[15]' (FDRE) to 'U0/i_synth/i_synth/gen_cordic.output_stage/gen_rotation.gen_translate.gen_phase_rot_reg/gen_rtl.gen_reg.d_reg_reg[19]'
INFO: [Synth 8-3886] merging instance 'U0/i_synth/i_synth/gen_cordic.output_stage/gen_rotation.gen_translate.gen_phase_rot_reg/gen_rtl.gen_reg.d_reg_reg[17]' (FDRE) to 'U0/i_synth/i_synth/gen_cordic.input_stage/gen_rotation.gen_rot_xy.gen_data_y_int_dly/gen_rtl.gen_reg.d_reg_reg[3]'
INFO: [Synth 8-3332] Sequential element (i_baseblox.i_baseblox_addsub/no_pipelining.the_addsub/i_lut6.i_lut6_addsub/i_q.i_simple.qreg/i_no_async_controls.output_reg[22]) is unused and will be removed from module c_addsub_v12_0_12_viv.
INFO: [Synth 8-3332] Sequential element (i_baseblox.i_baseblox_addsub/no_pipelining.the_addsub/i_lut6.i_lut6_addsub/i_q.i_simple.qreg/i_no_async_controls.output_reg[20]) is unused and will be removed from module c_addsub_v12_0_12_viv.
INFO: [Synth 8-3332] Sequential element (i_baseblox.i_baseblox_addsub/no_pipelining.the_addsub/i_lut6.i_lut6_addsub/i_q.i_simple.qreg/i_no_async_controls.output_reg[19]) is unused and will be removed from module c_addsub_v12_0_12_viv.
INFO: [Synth 8-3332] Sequential element (i_baseblox.i_baseblox_addsub/no_pipelining.the_addsub/i_lut6.i_lut6_addsub/i_q.i_simple.qreg/i_no_async_controls.output_reg[18]) is unused and will be removed from module c_addsub_v12_0_12_viv.
INFO: [Synth 8-3332] Sequential element (i_baseblox.i_baseblox_addsub/no_pipelining.the_addsub/i_lut6.i_lut6_addsub/i_q.i_simple.qreg/i_no_async_controls.output_reg[17]) is unused and will be removed from module c_addsub_v12_0_12_viv.
INFO: [Synth 8-3332] Sequential element (i_baseblox.i_baseblox_addsub/no_pipelining.the_addsub/i_lut6.i_lut6_addsub/i_q.i_simple.qreg/i_no_async_controls.output_reg[16]) is unused and will be removed from module c_addsub_v12_0_12_viv.
INFO: [Synth 8-3332] Sequential element (i_baseblox.i_baseblox_addsub/no_pipelining.the_addsub/i_lut6.i_lut6_addsub/i_q.i_simple.qreg/i_no_async_controls.output_reg[15]) is unused and will be removed from module c_addsub_v12_0_12_viv.
INFO: [Synth 8-3332] Sequential element (i_baseblox.i_baseblox_addsub/no_pipelining.the_addsub/i_lut6.i_lut6_addsub/i_q.i_simple.qreg/i_no_async_controls.output_reg[14]) is unused and will be removed from module c_addsub_v12_0_12_viv.
INFO: [Synth 8-3332] Sequential element (i_baseblox.i_baseblox_addsub/no_pipelining.the_addsub/i_lut6.i_lut6_addsub/i_q.i_simple.qreg/i_no_async_controls.output_reg[13]) is unused and will be removed from module c_addsub_v12_0_12_viv.
INFO: [Synth 8-3332] Sequential element (i_baseblox.i_baseblox_addsub/no_pipelining.the_addsub/i_lut6.i_lut6_addsub/i_q.i_simple.qreg/i_no_async_controls.output_reg[12]) is unused and will be removed from module c_addsub_v12_0_12_viv.
INFO: [Synth 8-3332] Sequential element (i_baseblox.i_baseblox_addsub/no_pipelining.the_addsub/i_lut6.i_lut6_addsub/i_q.i_simple.qreg/i_no_async_controls.output_reg[11]) is unused and will be removed from module c_addsub_v12_0_12_viv.
INFO: [Synth 8-3332] Sequential element (i_baseblox.i_baseblox_addsub/no_pipelining.the_addsub/i_lut6.i_lut6_addsub/i_q.i_simple.qreg/i_no_async_controls.output_reg[10]) is unused and will be removed from module c_addsub_v12_0_12_viv.
INFO: [Synth 8-3332] Sequential element (i_baseblox.i_baseblox_addsub/no_pipelining.the_addsub/i_lut6.i_lut6_addsub/i_q.i_simple.qreg/i_no_async_controls.output_reg[9]) is unused and will be removed from module c_addsub_v12_0_12_viv.
INFO: [Synth 8-3332] Sequential element (i_baseblox.i_baseblox_addsub/no_pipelining.the_addsub/i_lut6.i_lut6_addsub/i_q.i_simple.qreg/i_no_async_controls.output_reg[8]) is unused and will be removed from module c_addsub_v12_0_12_viv.
INFO: [Synth 8-3332] Sequential element (i_baseblox.i_baseblox_addsub/no_pipelining.the_addsub/i_lut6.i_lut6_addsub/i_q.i_simple.qreg/i_no_async_controls.output_reg[7]) is unused and will be removed from module c_addsub_v12_0_12_viv.
INFO: [Synth 8-3332] Sequential element (i_baseblox.i_baseblox_addsub/no_pipelining.the_addsub/i_lut6.i_lut6_addsub/i_q.i_simple.qreg/i_no_async_controls.output_reg[6]) is unused and will be removed from module c_addsub_v12_0_12_viv.
INFO: [Synth 8-3332] Sequential element (i_baseblox.i_baseblox_addsub/no_pipelining.the_addsub/i_lut6.i_lut6_addsub/i_q.i_simple.qreg/i_no_async_controls.output_reg[5]) is unused and will be removed from module c_addsub_v12_0_12_viv.
INFO: [Synth 8-3332] Sequential element (i_baseblox.i_baseblox_addsub/no_pipelining.the_addsub/i_lut6.i_lut6_addsub/i_q.i_simple.qreg/i_no_async_controls.output_reg[4]) is unused and will be removed from module c_addsub_v12_0_12_viv.
INFO: [Synth 8-3332] Sequential element (i_baseblox.i_baseblox_addsub/no_pipelining.the_addsub/i_lut6.i_lut6_addsub/i_q.i_simple.qreg/i_no_async_controls.output_reg[3]) is unused and will be removed from module c_addsub_v12_0_12_viv.
INFO: [Synth 8-3332] Sequential element (i_baseblox.i_baseblox_addsub/no_pipelining.the_addsub/i_lut6.i_lut6_addsub/i_q.i_simple.qreg/i_no_async_controls.output_reg[2]) is unused and will be removed from module c_addsub_v12_0_12_viv.
INFO: [Synth 8-3332] Sequential element (i_baseblox.i_baseblox_addsub/no_pipelining.the_addsub/i_lut6.i_lut6_addsub/i_q.i_simple.qreg/i_no_async_controls.output_reg[1]) is unused and will be removed from module c_addsub_v12_0_12_viv.
INFO: [Synth 8-3332] Sequential element (i_baseblox.i_baseblox_addsub/no_pipelining.the_addsub/i_lut6.i_lut6_addsub/i_q.i_simple.qreg/i_no_async_controls.output_reg[22]) is unused and will be removed from module c_addsub_v12_0_12_viv__parameterized1.
INFO: [Synth 8-3332] Sequential element (i_baseblox.i_baseblox_addsub/no_pipelining.the_addsub/i_lut6.i_lut6_addsub/i_q.i_simple.qreg/i_no_async_controls.output_reg[20]) is unused and will be removed from module c_addsub_v12_0_12_viv__parameterized1.
INFO: [Synth 8-3332] Sequential element (i_baseblox.i_baseblox_addsub/no_pipelining.the_addsub/i_lut6.i_lut6_addsub/i_q.i_simple.qreg/i_no_async_controls.output_reg[19]) is unused and will be removed from module c_addsub_v12_0_12_viv__parameterized1.
INFO: [Synth 8-3332] Sequential element (i_baseblox.i_baseblox_addsub/no_pipelining.the_addsub/i_lut6.i_lut6_addsub/i_q.i_simple.qreg/i_no_async_controls.output_reg[18]) is unused and will be removed from module c_addsub_v12_0_12_viv__parameterized1.
INFO: [Synth 8-3332] Sequential element (i_baseblox.i_baseblox_addsub/no_pipelining.the_addsub/i_lut6.i_lut6_addsub/i_q.i_simple.qreg/i_no_async_controls.output_reg[17]) is unused and will be removed from module c_addsub_v12_0_12_viv__parameterized1.
INFO: [Synth 8-3332] Sequential element (i_baseblox.i_baseblox_addsub/no_pipelining.the_addsub/i_lut6.i_lut6_addsub/i_q.i_simple.qreg/i_no_async_controls.output_reg[16]) is unused and will be removed from module c_addsub_v12_0_12_viv__parameterized1.
INFO: [Synth 8-3332] Sequential element (i_baseblox.i_baseblox_addsub/no_pipelining.the_addsub/i_lut6.i_lut6_addsub/i_q.i_simple.qreg/i_no_async_controls.output_reg[15]) is unused and will be removed from module c_addsub_v12_0_12_viv__parameterized1.
INFO: [Synth 8-3332] Sequential element (i_baseblox.i_baseblox_addsub/no_pipelining.the_addsub/i_lut6.i_lut6_addsub/i_q.i_simple.qreg/i_no_async_controls.output_reg[14]) is unused and will be removed from module c_addsub_v12_0_12_viv__parameterized1.
INFO: [Synth 8-3332] Sequential element (i_baseblox.i_baseblox_addsub/no_pipelining.the_addsub/i_lut6.i_lut6_addsub/i_q.i_simple.qreg/i_no_async_controls.output_reg[13]) is unused and will be removed from module c_addsub_v12_0_12_viv__parameterized1.
INFO: [Synth 8-3332] Sequential element (i_baseblox.i_baseblox_addsub/no_pipelining.the_addsub/i_lut6.i_lut6_addsub/i_q.i_simple.qreg/i_no_async_controls.output_reg[12]) is unused and will be removed from module c_addsub_v12_0_12_viv__parameterized1.
INFO: [Synth 8-3332] Sequential element (i_baseblox.i_baseblox_addsub/no_pipelining.the_addsub/i_lut6.i_lut6_addsub/i_q.i_simple.qreg/i_no_async_controls.output_reg[11]) is unused and will be removed from module c_addsub_v12_0_12_viv__parameterized1.
INFO: [Synth 8-3332] Sequential element (i_baseblox.i_baseblox_addsub/no_pipelining.the_addsub/i_lut6.i_lut6_addsub/i_q.i_simple.qreg/i_no_async_controls.output_reg[10]) is unused and will be removed from module c_addsub_v12_0_12_viv__parameterized1.
INFO: [Synth 8-3332] Sequential element (i_baseblox.i_baseblox_addsub/no_pipelining.the_addsub/i_lut6.i_lut6_addsub/i_q.i_simple.qreg/i_no_async_controls.output_reg[9]) is unused and will be removed from module c_addsub_v12_0_12_viv__parameterized1.
INFO: [Synth 8-3332] Sequential element (i_baseblox.i_baseblox_addsub/no_pipelining.the_addsub/i_lut6.i_lut6_addsub/i_q.i_simple.qreg/i_no_async_controls.output_reg[8]) is unused and will be removed from module c_addsub_v12_0_12_viv__parameterized1.
INFO: [Synth 8-3332] Sequential element (i_baseblox.i_baseblox_addsub/no_pipelining.the_addsub/i_lut6.i_lut6_addsub/i_q.i_simple.qreg/i_no_async_controls.output_reg[7]) is unused and will be removed from module c_addsub_v12_0_12_viv__parameterized1.
INFO: [Synth 8-3332] Sequential element (i_baseblox.i_baseblox_addsub/no_pipelining.the_addsub/i_lut6.i_lut6_addsub/i_q.i_simple.qreg/i_no_async_controls.output_reg[6]) is unused and will be removed from module c_addsub_v12_0_12_viv__parameterized1.
INFO: [Synth 8-3332] Sequential element (i_baseblox.i_baseblox_addsub/no_pipelining.the_addsub/i_lut6.i_lut6_addsub/i_q.i_simple.qreg/i_no_async_controls.output_reg[5]) is unused and will be removed from module c_addsub_v12_0_12_viv__parameterized1.
INFO: [Synth 8-3332] Sequential element (i_baseblox.i_baseblox_addsub/no_pipelining.the_addsub/i_lut6.i_lut6_addsub/i_q.i_simple.qreg/i_no_async_controls.output_reg[4]) is unused and will be removed from module c_addsub_v12_0_12_viv__parameterized1.
INFO: [Synth 8-3332] Sequential element (i_baseblox.i_baseblox_addsub/no_pipelining.the_addsub/i_lut6.i_lut6_addsub/i_q.i_simple.qreg/i_no_async_controls.output_reg[3]) is unused and will be removed from module c_addsub_v12_0_12_viv__parameterized1.
INFO: [Synth 8-3332] Sequential element (i_baseblox.i_baseblox_addsub/no_pipelining.the_addsub/i_lut6.i_lut6_addsub/i_q.i_simple.qreg/i_no_async_controls.output_reg[2]) is unused and will be removed from module c_addsub_v12_0_12_viv__parameterized1.
INFO: [Synth 8-3332] Sequential element (i_baseblox.i_baseblox_addsub/no_pipelining.the_addsub/i_lut6.i_lut6_addsub/i_q.i_simple.qreg/i_no_async_controls.output_reg[1]) is unused and will be removed from module c_addsub_v12_0_12_viv__parameterized1.
INFO: [Synth 8-3332] Sequential element (i_baseblox.i_baseblox_addsub/no_pipelining.the_addsub/i_lut6.i_lut6_addsub/i_q.i_simple.qreg/i_no_async_controls.output_reg[21]) is unused and will be removed from module c_addsub_v12_0_12_viv__parameterized3__1.
INFO: [Synth 8-3332] Sequential element (i_baseblox.i_baseblox_addsub/no_pipelining.the_addsub/i_lut6.i_lut6_addsub/i_q.i_simple.qreg/i_no_async_controls.output_reg[21]) is unused and will be removed from module c_addsub_v12_0_12_viv__parameterized3__2.
INFO: [Synth 8-3332] Sequential element (i_baseblox.i_baseblox_addsub/no_pipelining.the_addsub/i_lut6.i_lut6_addsub/i_q.i_simple.qreg/i_no_async_controls.output_reg[21]) is unused and will be removed from module c_addsub_v12_0_12_viv__parameterized3__3.
INFO: [Synth 8-3332] Sequential element (i_baseblox.i_baseblox_addsub/no_pipelining.the_addsub/i_lut6.i_lut6_addsub/i_q.i_simple.qreg/i_no_async_controls.output_reg[21]) is unused and will be removed from module c_addsub_v12_0_12_viv__parameterized3__4.
INFO: [Synth 8-3332] Sequential element (i_baseblox.i_baseblox_addsub/no_pipelining.the_addsub/i_lut6.i_lut6_addsub/i_q.i_simple.qreg/i_no_async_controls.output_reg[21]) is unused and will be removed from module c_addsub_v12_0_12_viv__parameterized3__6.
INFO: [Synth 8-3332] Sequential element (i_baseblox.i_baseblox_addsub/no_pipelining.the_addsub/i_lut6.i_lut6_addsub/i_q.i_simple.qreg/i_no_async_controls.output_reg[21]) is unused and will be removed from module c_addsub_v12_0_12_viv__parameterized3__7.
INFO: [Synth 8-3332] Sequential element (i_baseblox.i_baseblox_addsub/no_pipelining.the_addsub/i_lut6.i_lut6_addsub/i_q.i_simple.qreg/i_no_async_controls.output_reg[21]) is unused and will be removed from module c_addsub_v12_0_12_viv__parameterized3__8.
INFO: [Synth 8-3332] Sequential element (i_baseblox.i_baseblox_addsub/no_pipelining.the_addsub/i_lut6.i_lut6_addsub/i_q.i_simple.qreg/i_no_async_controls.output_reg[21]) is unused and will be removed from module c_addsub_v12_0_12_viv__parameterized3__9.
INFO: [Synth 8-3332] Sequential element (i_baseblox.i_baseblox_addsub/no_pipelining.the_addsub/i_lut6.i_lut6_addsub/i_q.i_simple.qreg/i_no_async_controls.output_reg[21]) is unused and will be removed from module c_addsub_v12_0_12_viv__parameterized3__10.
INFO: [Synth 8-3332] Sequential element (i_baseblox.i_baseblox_addsub/no_pipelining.the_addsub/i_lut6.i_lut6_addsub/i_q.i_simple.qreg/i_no_async_controls.output_reg[21]) is unused and will be removed from module c_addsub_v12_0_12_viv__parameterized3__11.
INFO: [Synth 8-3332] Sequential element (i_baseblox.i_baseblox_addsub/no_pipelining.the_addsub/i_lut6.i_lut6_addsub/i_q.i_simple.qreg/i_no_async_controls.output_reg[21]) is unused and will be removed from module c_addsub_v12_0_12_viv__parameterized3__12.
INFO: [Synth 8-3332] Sequential element (i_baseblox.i_baseblox_addsub/no_pipelining.the_addsub/i_lut6.i_lut6_addsub/i_q.i_simple.qreg/i_no_async_controls.output_reg[21]) is unused and will be removed from module c_addsub_v12_0_12_viv__parameterized3__13.
INFO: [Synth 8-3332] Sequential element (i_baseblox.i_baseblox_addsub/no_pipelining.the_addsub/i_lut6.i_lut6_addsub/i_q.i_simple.qreg/i_no_async_controls.output_reg[21]) is unused and will be removed from module c_addsub_v12_0_12_viv__parameterized3__14.
INFO: [Synth 8-3332] Sequential element (i_baseblox.i_baseblox_addsub/no_pipelining.the_addsub/i_lut6.i_lut6_addsub/i_q.i_simple.qreg/i_no_async_controls.output_reg[21]) is unused and will be removed from module c_addsub_v12_0_12_viv__parameterized3__15.
INFO: [Synth 8-3332] Sequential element (i_baseblox.i_baseblox_addsub/no_pipelining.the_addsub/i_lut6.i_lut6_addsub/i_q.i_simple.qreg/i_no_async_controls.output_reg[21]) is unused and will be removed from module c_addsub_v12_0_12_viv__parameterized3__16.
INFO: [Synth 8-3332] Sequential element (i_baseblox.i_baseblox_addsub/no_pipelining.the_addsub/i_lut6.i_lut6_addsub/i_q.i_simple.qreg/i_no_async_controls.output_reg[21]) is unused and will be removed from module c_addsub_v12_0_12_viv__parameterized3__17.
INFO: [Synth 8-3332] Sequential element (i_baseblox.i_baseblox_addsub/no_pipelining.the_addsub/i_lut6.i_lut6_addsub/i_q.i_simple.qreg/i_no_async_controls.output_reg[21]) is unused and will be removed from module c_addsub_v12_0_12_viv__parameterized3__18.
INFO: [Synth 8-3332] Sequential element (i_baseblox.i_baseblox_addsub/no_pipelining.the_addsub/i_lut6.i_lut6_addsub/i_q.i_simple.qreg/i_no_async_controls.output_reg[21]) is unused and will be removed from module c_addsub_v12_0_12_viv__parameterized3__19.
INFO: [Synth 8-3332] Sequential element (i_baseblox.i_baseblox_addsub/no_pipelining.the_addsub/i_lut6.i_lut6_addsub/i_q.i_simple.qreg/i_no_async_controls.output_reg[21]) is unused and will be removed from module c_addsub_v12_0_12_viv__parameterized3__20.
INFO: [Synth 8-3332] Sequential element (i_baseblox.i_baseblox_addsub/no_pipelining.the_addsub/i_lut6.i_lut6_addsub/i_q.i_simple.qreg/i_no_async_controls.output_reg[21]) is unused and will be removed from module c_addsub_v12_0_12_viv__parameterized3__21.
INFO: [Synth 8-3332] Sequential element (i_baseblox.i_baseblox_addsub/no_pipelining.the_addsub/i_lut6.i_lut6_addsub/i_q.i_simple.qreg/i_no_async_controls.output_reg[21]) is unused and will be removed from module c_addsub_v12_0_12_viv__parameterized3__22.
INFO: [Synth 8-3332] Sequential element (i_baseblox.i_baseblox_addsub/no_pipelining.the_addsub/i_lut6.i_lut6_addsub/i_q.i_simple.qreg/i_no_async_controls.output_reg[21]) is unused and will be removed from module c_addsub_v12_0_12_viv__parameterized3__23.
INFO: [Synth 8-3332] Sequential element (i_baseblox.i_baseblox_addsub/no_pipelining.the_addsub/i_lut6.i_lut6_addsub/i_q.i_simple.qreg/i_no_async_controls.output_reg[21]) is unused and will be removed from module c_addsub_v12_0_12_viv__parameterized3__24.
INFO: [Synth 8-3332] Sequential element (i_baseblox.i_baseblox_addsub/no_pipelining.the_addsub/i_lut6.i_lut6_addsub/i_q.i_simple.qreg/i_no_async_controls.output_reg[21]) is unused and will be removed from module c_addsub_v12_0_12_viv__parameterized3__25.
INFO: [Synth 8-3332] Sequential element (i_baseblox.i_baseblox_addsub/no_pipelining.the_addsub/i_lut6.i_lut6_addsub/i_q.i_simple.qreg/i_no_async_controls.output_reg[21]) is unused and will be removed from module c_addsub_v12_0_12_viv__parameterized3__26.
INFO: [Synth 8-3332] Sequential element (i_baseblox.i_baseblox_addsub/no_pipelining.the_addsub/i_lut6.i_lut6_addsub/i_q.i_simple.qreg/i_no_async_controls.output_reg[21]) is unused and will be removed from module c_addsub_v12_0_12_viv__parameterized3__27.
INFO: [Synth 8-3332] Sequential element (i_baseblox.i_baseblox_addsub/no_pipelining.the_addsub/i_lut6.i_lut6_addsub/i_q.i_simple.qreg/i_no_async_controls.output_reg[21]) is unused and will be removed from module c_addsub_v12_0_12_viv__parameterized3__28.
INFO: [Synth 8-3332] Sequential element (i_baseblox.i_baseblox_addsub/no_pipelining.the_addsub/i_lut6.i_lut6_addsub/i_q.i_simple.qreg/i_no_async_controls.output_reg[21]) is unused and will be removed from module c_addsub_v12_0_12_viv__parameterized3__29.
INFO: [Synth 8-3332] Sequential element (i_baseblox.i_baseblox_addsub/no_pipelining.the_addsub/i_lut6.i_lut6_addsub/i_q.i_simple.qreg/i_no_async_controls.output_reg[21]) is unused and will be removed from module c_addsub_v12_0_12_viv__parameterized3__30.
INFO: [Synth 8-3332] Sequential element (i_baseblox.i_baseblox_addsub/no_pipelining.the_addsub/i_lut6.i_lut6_addsub/i_q.i_simple.qreg/i_no_async_controls.output_reg[21]) is unused and will be removed from module c_addsub_v12_0_12_viv__parameterized3__31.
INFO: [Synth 8-3332] Sequential element (i_baseblox.i_baseblox_addsub/no_pipelining.the_addsub/i_lut6.i_lut6_addsub/i_q.i_simple.qreg/i_no_async_controls.output_reg[21]) is unused and will be removed from module c_addsub_v12_0_12_viv__parameterized3__32.
INFO: [Synth 8-3332] Sequential element (i_baseblox.i_baseblox_addsub/no_pipelining.the_addsub/i_lut6.i_lut6_addsub/i_q.i_simple.qreg/i_no_async_controls.output_reg[21]) is unused and will be removed from module c_addsub_v12_0_12_viv__parameterized3__33.
INFO: [Synth 8-3332] Sequential element (i_baseblox.i_baseblox_addsub/no_pipelining.the_addsub/i_lut6.i_lut6_addsub/i_q.i_simple.qreg/i_no_async_controls.output_reg[21]) is unused and will be removed from module c_addsub_v12_0_12_viv__parameterized3__34.
INFO: [Synth 8-3332] Sequential element (i_baseblox.i_baseblox_addsub/no_pipelining.the_addsub/i_lut6.i_lut6_addsub/i_q.i_simple.qreg/i_no_async_controls.output_reg[21]) is unused and will be removed from module c_addsub_v12_0_12_viv__parameterized3__35.
INFO: [Synth 8-3332] Sequential element (i_baseblox.i_baseblox_addsub/no_pipelining.the_addsub/i_lut6.i_lut6_addsub/i_q.i_simple.qreg/i_no_async_controls.output_reg[21]) is unused and will be removed from module c_addsub_v12_0_12_viv__parameterized3__36.
INFO: [Synth 8-3332] Sequential element (i_baseblox.i_baseblox_addsub/no_pipelining.the_addsub/i_lut6.i_lut6_addsub/i_q.i_simple.qreg/i_no_async_controls.output_reg[21]) is unused and will be removed from module c_addsub_v12_0_12_viv__parameterized3__37.
INFO: [Synth 8-3332] Sequential element (i_baseblox.i_baseblox_addsub/no_pipelining.the_addsub/i_lut6.i_lut6_addsub/i_q.i_simple.qreg/i_no_async_controls.output_reg[13]) is unused and will be removed from module c_addsub_v12_0_12_viv__parameterized3__37.
INFO: [Synth 8-3332] Sequential element (i_baseblox.i_baseblox_addsub/no_pipelining.the_addsub/i_lut6.i_lut6_addsub/i_q.i_simple.qreg/i_no_async_controls.output_reg[12]) is unused and will be removed from module c_addsub_v12_0_12_viv__parameterized3__37.
INFO: [Synth 8-3332] Sequential element (i_baseblox.i_baseblox_addsub/no_pipelining.the_addsub/i_lut6.i_lut6_addsub/i_q.i_simple.qreg/i_no_async_controls.output_reg[11]) is unused and will be removed from module c_addsub_v12_0_12_viv__parameterized3__37.
INFO: [Synth 8-3332] Sequential element (i_baseblox.i_baseblox_addsub/no_pipelining.the_addsub/i_lut6.i_lut6_addsub/i_q.i_simple.qreg/i_no_async_controls.output_reg[10]) is unused and will be removed from module c_addsub_v12_0_12_viv__parameterized3__37.
INFO: [Synth 8-3332] Sequential element (i_baseblox.i_baseblox_addsub/no_pipelining.the_addsub/i_lut6.i_lut6_addsub/i_q.i_simple.qreg/i_no_async_controls.output_reg[9]) is unused and will be removed from module c_addsub_v12_0_12_viv__parameterized3__37.
INFO: [Synth 8-3332] Sequential element (i_baseblox.i_baseblox_addsub/no_pipelining.the_addsub/i_lut6.i_lut6_addsub/i_q.i_simple.qreg/i_no_async_controls.output_reg[8]) is unused and will be removed from module c_addsub_v12_0_12_viv__parameterized3__37.
INFO: [Synth 8-3332] Sequential element (i_baseblox.i_baseblox_addsub/no_pipelining.the_addsub/i_lut6.i_lut6_addsub/i_q.i_simple.qreg/i_no_async_controls.output_reg[7]) is unused and will be removed from module c_addsub_v12_0_12_viv__parameterized3__37.
INFO: [Synth 8-3332] Sequential element (i_baseblox.i_baseblox_addsub/no_pipelining.the_addsub/i_lut6.i_lut6_addsub/i_q.i_simple.qreg/i_no_async_controls.output_reg[6]) is unused and will be removed from module c_addsub_v12_0_12_viv__parameterized3__37.
INFO: [Synth 8-3332] Sequential element (i_baseblox.i_baseblox_addsub/no_pipelining.the_addsub/i_lut6.i_lut6_addsub/i_q.i_simple.qreg/i_no_async_controls.output_reg[5]) is unused and will be removed from module c_addsub_v12_0_12_viv__parameterized3__37.
INFO: [Synth 8-3332] Sequential element (i_baseblox.i_baseblox_addsub/no_pipelining.the_addsub/i_lut6.i_lut6_addsub/i_q.i_simple.qreg/i_no_async_controls.output_reg[4]) is unused and will be removed from module c_addsub_v12_0_12_viv__parameterized3__37.
INFO: [Synth 8-3332] Sequential element (i_baseblox.i_baseblox_addsub/no_pipelining.the_addsub/i_lut6.i_lut6_addsub/i_q.i_simple.qreg/i_no_async_controls.output_reg[3]) is unused and will be removed from module c_addsub_v12_0_12_viv__parameterized3__37.
INFO: [Synth 8-3332] Sequential element (i_baseblox.i_baseblox_addsub/no_pipelining.the_addsub/i_lut6.i_lut6_addsub/i_q.i_simple.qreg/i_no_async_controls.output_reg[2]) is unused and will be removed from module c_addsub_v12_0_12_viv__parameterized3__37.
INFO: [Synth 8-3332] Sequential element (i_baseblox.i_baseblox_addsub/no_pipelining.the_addsub/i_lut6.i_lut6_addsub/i_q.i_simple.qreg/i_no_async_controls.output_reg[1]) is unused and will be removed from module c_addsub_v12_0_12_viv__parameterized3__37.
INFO: [Synth 8-3332] Sequential element (i_baseblox.i_baseblox_addsub/no_pipelining.the_addsub/i_lut6.i_lut6_addsub/i_q.i_simple.qreg/i_no_async_controls.output_reg[21]) is unused and will be removed from module c_addsub_v12_0_12_viv__parameterized3__38.
INFO: [Synth 8-3332] Sequential element (i_baseblox.i_baseblox_addsub/no_pipelining.the_addsub/i_lut6.i_lut6_addsub/i_q.i_simple.qreg/i_no_async_controls.output_reg[21]) is unused and will be removed from module c_addsub_v12_0_12_viv__parameterized3__39.
INFO: [Synth 8-3332] Sequential element (i_baseblox.i_baseblox_addsub/no_pipelining.the_addsub/i_lut6.i_lut6_addsub/i_q.i_simple.qreg/i_no_async_controls.output_reg[21]) is unused and will be removed from module c_addsub_v12_0_12_viv__parameterized3__40.
INFO: [Synth 8-3332] Sequential element (i_baseblox.i_baseblox_addsub/no_pipelining.the_addsub/i_lut6.i_lut6_addsub/i_q.i_simple.qreg/i_no_async_controls.output_reg[20]) is unused and will be removed from module c_addsub_v12_0_12_viv__parameterized3__40.
INFO: [Synth 8-3332] Sequential element (i_baseblox.i_baseblox_addsub/no_pipelining.the_addsub/i_lut6.i_lut6_addsub/i_q.i_simple.qreg/i_no_async_controls.output_reg[19]) is unused and will be removed from module c_addsub_v12_0_12_viv__parameterized3__40.
INFO: [Synth 8-3332] Sequential element (i_baseblox.i_baseblox_addsub/no_pipelining.the_addsub/i_lut6.i_lut6_addsub/i_q.i_simple.qreg/i_no_async_controls.output_reg[18]) is unused and will be removed from module c_addsub_v12_0_12_viv__parameterized3__40.
INFO: [Synth 8-3332] Sequential element (i_baseblox.i_baseblox_addsub/no_pipelining.the_addsub/i_lut6.i_lut6_addsub/i_q.i_simple.qreg/i_no_async_controls.output_reg[17]) is unused and will be removed from module c_addsub_v12_0_12_viv__parameterized3__40.
INFO: [Synth 8-3332] Sequential element (i_baseblox.i_baseblox_addsub/no_pipelining.the_addsub/i_lut6.i_lut6_addsub/i_q.i_simple.qreg/i_no_async_controls.output_reg[16]) is unused and will be removed from module c_addsub_v12_0_12_viv__parameterized3__40.
INFO: [Synth 8-3332] Sequential element (i_baseblox.i_baseblox_addsub/no_pipelining.the_addsub/i_lut6.i_lut6_addsub/i_q.i_simple.qreg/i_no_async_controls.output_reg[15]) is unused and will be removed from module c_addsub_v12_0_12_viv__parameterized3__40.
INFO: [Common 17-14] Message 'Synth 8-3332' appears 100 times and further instances of the messages will be disabled. Use the Tcl command set_msg_config to change the current settings.
---------------------------------------------------------------------------------
Finished Cross Boundary and Area Optimization : Time (s): cpu = 00:01:10 ; elapsed = 00:01:20 . Memory (MB): peak = 871.934 ; gain = 525.512
---------------------------------------------------------------------------------

Report RTL Partitions: 
+-+--------------+------------+----------+
| |RTL Partition |Replication |Instances |
+-+--------------+------------+----------+
+-+--------------+------------+----------+
---------------------------------------------------------------------------------
Start Applying XDC Timing Constraints
---------------------------------------------------------------------------------
---------------------------------------------------------------------------------
Finished Applying XDC Timing Constraints : Time (s): cpu = 00:01:24 ; elapsed = 00:01:35 . Memory (MB): peak = 871.934 ; gain = 525.512
---------------------------------------------------------------------------------
---------------------------------------------------------------------------------
Start Timing Optimization
---------------------------------------------------------------------------------
---------------------------------------------------------------------------------
Finished Timing Optimization : Time (s): cpu = 00:01:24 ; elapsed = 00:01:35 . Memory (MB): peak = 871.934 ; gain = 525.512
---------------------------------------------------------------------------------

Report RTL Partitions: 
+-+--------------+------------+----------+
| |RTL Partition |Replication |Instances |
+-+--------------+------------+----------+
+-+--------------+------------+----------+
---------------------------------------------------------------------------------
Start Technology Mapping
---------------------------------------------------------------------------------
---------------------------------------------------------------------------------
Finished Technology Mapping : Time (s): cpu = 00:01:25 ; elapsed = 00:01:37 . Memory (MB): peak = 871.934 ; gain = 525.512
---------------------------------------------------------------------------------

Report RTL Partitions: 
+-+--------------+------------+----------+
| |RTL Partition |Replication |Instances |
+-+--------------+------------+----------+
+-+--------------+------------+----------+
---------------------------------------------------------------------------------
Start IO Insertion
---------------------------------------------------------------------------------
---------------------------------------------------------------------------------
Start Flattening Before IO Insertion
---------------------------------------------------------------------------------
---------------------------------------------------------------------------------
Finished Flattening Before IO Insertion
---------------------------------------------------------------------------------
---------------------------------------------------------------------------------
Start Final Netlist Cleanup
---------------------------------------------------------------------------------
---------------------------------------------------------------------------------
Finished Final Netlist Cleanup
---------------------------------------------------------------------------------
---------------------------------------------------------------------------------
Finished IO Insertion : Time (s): cpu = 00:01:26 ; elapsed = 00:01:38 . Memory (MB): peak = 871.934 ; gain = 525.512
---------------------------------------------------------------------------------

Report Check Netlist: 
+------+------------------+-------+---------+-------+------------------+
|      |Item              |Errors |Warnings |Status |Description       |
+------+------------------+-------+---------+-------+------------------+
|1     |multi_driven_nets |      0|        0|Passed |Multi driven nets |
+------+------------------+-------+---------+-------+------------------+
---------------------------------------------------------------------------------
Start Renaming Generated Instances
---------------------------------------------------------------------------------
---------------------------------------------------------------------------------
Finished Renaming Generated Instances : Time (s): cpu = 00:01:26 ; elapsed = 00:01:38 . Memory (MB): peak = 871.934 ; gain = 525.512
---------------------------------------------------------------------------------

Report RTL Partitions: 
+-+--------------+------------+----------+
| |RTL Partition |Replication |Instances |
+-+--------------+------------+----------+
+-+--------------+------------+----------+
---------------------------------------------------------------------------------
Start Rebuilding User Hierarchy
---------------------------------------------------------------------------------
---------------------------------------------------------------------------------
Finished Rebuilding User Hierarchy : Time (s): cpu = 00:01:27 ; elapsed = 00:01:38 . Memory (MB): peak = 871.934 ; gain = 525.512
---------------------------------------------------------------------------------
---------------------------------------------------------------------------------
Start Renaming Generated Ports
---------------------------------------------------------------------------------
---------------------------------------------------------------------------------
Finished Renaming Generated Ports : Time (s): cpu = 00:01:27 ; elapsed = 00:01:38 . Memory (MB): peak = 871.934 ; gain = 525.512
---------------------------------------------------------------------------------
---------------------------------------------------------------------------------
Start Handling Custom Attributes
---------------------------------------------------------------------------------
---------------------------------------------------------------------------------
Finished Handling Custom Attributes : Time (s): cpu = 00:01:27 ; elapsed = 00:01:38 . Memory (MB): peak = 871.934 ; gain = 525.512
---------------------------------------------------------------------------------
---------------------------------------------------------------------------------
Start Renaming Generated Nets
---------------------------------------------------------------------------------
---------------------------------------------------------------------------------
Finished Renaming Generated Nets : Time (s): cpu = 00:01:27 ; elapsed = 00:01:38 . Memory (MB): peak = 871.934 ; gain = 525.512
---------------------------------------------------------------------------------
---------------------------------------------------------------------------------
Start Writing Synthesis Report
---------------------------------------------------------------------------------

Report BlackBoxes: 
+-+--------------+----------+
| |BlackBox name |Instances |
+-+--------------+----------+
+-+--------------+----------+

Report Cell Usage: 
+------+--------+------+
|      |Cell    |Count |
+------+--------+------+
|1     |LUT1    |    65|
|2     |LUT2    |   335|
|3     |LUT3    |   537|
|4     |LUT4    |    32|
|5     |MUXCY   |   838|
|6     |SRL16E  |     5|
|7     |SRLC32E |     1|
|8     |XORCY   |   806|
|9     |FDRE    |   930|
+------+--------+------+
---------------------------------------------------------------------------------
Finished Writing Synthesis Report : Time (s): cpu = 00:01:27 ; elapsed = 00:01:38 . Memory (MB): peak = 871.934 ; gain = 525.512
---------------------------------------------------------------------------------
Synthesis finished with 0 errors, 0 critical warnings and 308 warnings.
Synthesis Optimization Runtime : Time (s): cpu = 00:00:27 ; elapsed = 00:01:23 . Memory (MB): peak = 871.934 ; gain = 204.105
Synthesis Optimization Complete : Time (s): cpu = 00:01:27 ; elapsed = 00:01:38 . Memory (MB): peak = 871.934 ; gain = 525.512
INFO: [Project 1-571] Translating synthesized netlist
INFO: [Netlist 29-17] Analyzing 1644 Unisim elements for replacement
INFO: [Netlist 29-28] Unisim Transformation completed in 0 CPU seconds
INFO: [Project 1-570] Preparing netlist for logic optimization
INFO: [Opt 31-138] Pushed 0 inverter(s) to 0 load pin(s).
INFO: [Project 1-111] Unisim Transformation Summary:
  A total of 239 instances were transformed.
  (MUXCY,XORCY) => CARRY4: 239 instances

INFO: [Common 17-83] Releasing license: Synthesis
170 Infos, 100 Warnings, 0 Critical Warnings and 0 Errors encountered.
synth_design completed successfully
synth_design: Time (s): cpu = 00:01:32 ; elapsed = 00:01:44 . Memory (MB): peak = 889.836 ; gain = 554.887
INFO: [Common 17-1381] The checkpoint 'C:/Users/musta/Desktop/project_arctan/project_arctan.runs/cordic_0_synth_1/cordic_0.dcp' has been generated.
